<?xml version="1.0" encoding="UTF-8"?>
<!-- Generated by org.testng.reporters.JUnitReportReporter -->
<testsuite hostname="DESKTOP-LSBCFFJ" failures="0" tests="5" name="oto.AdiraTest2" time="16.547" errors="3" timestamp="2021-09-19T18:20:14 IST" skipped="0">
  <testcase classname="oto.AdiraTest2" name="verifyFirstStockClick" time="5.569"/>
  <system-out/>
  <testcase classname="oto.AdiraTest2" name="verifyAdiraClick" time="5.344"/>
  <system-out/>
  <testcase classname="oto.AdiraTest2" name="addAdiraFormBasicDetails" time="4.686">
    <error message="java.lang.IllegalArgumentException: Unable to compile &#039;//android.widget.FrameLayout[@index=0]//android.view.ViewGroup[@index=&#039;6&#039;]//android.widget.ScrollView[@index=&#039;0&#039;]//android.widget.TextView[contains(@text,&#039;Yes&#039;Yes&#039;)]/parent::android.view.ViewGroup&#039;. See Cause.
For documentation on this error, please visit: http://seleniumhq.org/exceptions/invalid_selector_exception.html
Build info: version: &#039;3.6.0&#039;, revision: &#039;6fbf3ec767&#039;, time: &#039;2017-09-27T15:28:36.4Z&#039;
System info: host: &#039;DESKTOP-LSBCFFJ&#039;, ip: &#039;192.168.29.85&#039;, os.name: &#039;Windows 10&#039;, os.arch: &#039;amd64&#039;, os.version: &#039;10.0&#039;, java.version: &#039;16.0.1&#039;
Driver info: io.appium.java_client.android.AndroidDriver
Capabilities [{app=C:\Users\Ankita\Downloads\CoreMavenFramework-20210814T072108Z-001\CoreMavenFramework\CoreMavenFramework\src\OTO Dealer Stage.apk, appPackage=com.oto.dealer.dev, deviceScreenSize=1080x2340, networkConnectionEnabled=true, statBarHeight=84.0, warnings={}, viewportRect={top=84.0, left=0.0, width=1080.0, height=2180.0}, databaseEnabled=false, deviceName=6a1652d8, platform=LINUX, deviceUDID=6a1652d8, desired={app=C:\Users\Ankita\Downloads\CoreMavenFramework-20210814T072108Z-001\CoreMavenFramework\CoreMavenFramework\src\OTO Dealer Stage.apk, platformName=Android, deviceName=Android Device}, platformVersion=11, pixelRatio=3.0, webStorageEnabled=false, locationContextEnabled=false, takesScreenshot=true, javascriptEnabled=true, deviceScreenDensity=480.0, deviceModel=RMX1992, platformName=Android, deviceApiLevel=30.0, deviceManufacturer=realme}]
Session ID: b913a9a7-0641-4c06-a220-15ae274f3352
*** Element info: {Using=xpath, value=//android.widget.FrameLayout[@index=0]//android.view.ViewGroup[@index=&#039;6&#039;]//android.widget.ScrollView[@index=&#039;0&#039;]//android.widget.TextView[contains(@text,&#039;Yes&#039;Yes&#039;)]/parent::android.view.ViewGroup}" type="org.openqa.selenium.InvalidSelectorException">
      <![CDATA[org.openqa.selenium.InvalidSelectorException: java.lang.IllegalArgumentException: Unable to compile '//android.widget.FrameLayout[@index=0]//android.view.ViewGroup[@index='6']//android.widget.ScrollView[@index='0']//android.widget.TextView[contains(@text,'Yes'Yes')]/parent::android.view.ViewGroup'. See Cause.
For documentation on this error, please visit: http://seleniumhq.org/exceptions/invalid_selector_exception.html
Build info: version: '3.6.0', revision: '6fbf3ec767', time: '2017-09-27T15:28:36.4Z'
System info: host: 'DESKTOP-LSBCFFJ', ip: '192.168.29.85', os.name: 'Windows 10', os.arch: 'amd64', os.version: '10.0', java.version: '16.0.1'
Driver info: io.appium.java_client.android.AndroidDriver
Capabilities [{app=C:\Users\Ankita\Downloads\CoreMavenFramework-20210814T072108Z-001\CoreMavenFramework\CoreMavenFramework\src\OTO Dealer Stage.apk, appPackage=com.oto.dealer.dev, deviceScreenSize=1080x2340, networkConnectionEnabled=true, statBarHeight=84.0, warnings={}, viewportRect={top=84.0, left=0.0, width=1080.0, height=2180.0}, databaseEnabled=false, deviceName=6a1652d8, platform=LINUX, deviceUDID=6a1652d8, desired={app=C:\Users\Ankita\Downloads\CoreMavenFramework-20210814T072108Z-001\CoreMavenFramework\CoreMavenFramework\src\OTO Dealer Stage.apk, platformName=Android, deviceName=Android Device}, platformVersion=11, pixelRatio=3.0, webStorageEnabled=false, locationContextEnabled=false, takesScreenshot=true, javascriptEnabled=true, deviceScreenDensity=480.0, deviceModel=RMX1992, platformName=Android, deviceApiLevel=30.0, deviceManufacturer=realme}]
Session ID: b913a9a7-0641-4c06-a220-15ae274f3352
*** Element info: {Using=xpath, value=//android.widget.FrameLayout[@index=0]//android.view.ViewGroup[@index='6']//android.widget.ScrollView[@index='0']//android.widget.TextView[contains(@text,'Yes'Yes')]/parent::android.view.ViewGroup}
at java.base/jdk.internal.reflect.NativeConstructorAccessorImpl.newInstance0(Native Method)
at java.base/jdk.internal.reflect.NativeConstructorAccessorImpl.newInstance(NativeConstructorAccessorImpl.java:78)
at java.base/jdk.internal.reflect.DelegatingConstructorAccessorImpl.newInstance(DelegatingConstructorAccessorImpl.java:45)
at java.base/java.lang.reflect.Constructor.newInstanceWithCaller(Constructor.java:499)
at java.base/java.lang.reflect.Constructor.newInstance(Constructor.java:480)
at org.openqa.selenium.remote.http.W3CHttpResponseCodec.createException(W3CHttpResponseCodec.java:150)
at org.openqa.selenium.remote.http.W3CHttpResponseCodec.decode(W3CHttpResponseCodec.java:115)
at org.openqa.selenium.remote.http.W3CHttpResponseCodec.decode(W3CHttpResponseCodec.java:45)
at org.openqa.selenium.remote.HttpCommandExecutor.execute(HttpCommandExecutor.java:164)
at io.appium.java_client.remote.AppiumCommandExecutor.execute(AppiumCommandExecutor.java:52)
at org.openqa.selenium.remote.RemoteWebDriver.execute(RemoteWebDriver.java:637)
at io.appium.java_client.DefaultGenericMobileDriver.execute(DefaultGenericMobileDriver.java:42)
at io.appium.java_client.AppiumDriver.execute(AppiumDriver.java:1)
at io.appium.java_client.android.AndroidDriver.execute(AndroidDriver.java:1)
at org.openqa.selenium.remote.RemoteWebDriver.findElement(RemoteWebDriver.java:410)
at org.openqa.selenium.remote.RemoteWebDriver.findElementByXPath(RemoteWebDriver.java:509)
at io.appium.java_client.DefaultGenericMobileDriver.findElementByXPath(DefaultGenericMobileDriver.java:132)
at io.appium.java_client.AppiumDriver.findElementByXPath(AppiumDriver.java:1)
at io.appium.java_client.android.AndroidDriver.findElementByXPath(AndroidDriver.java:1)
at pages.AdiraPage.setExistingCustVal(AdiraPage.java:183)
at oto.AdiraTest2.addAdiraFormBasicDetails(AdiraTest2.java:73)
at java.base/jdk.internal.reflect.NativeMethodAccessorImpl.invoke0(Native Method)
at java.base/jdk.internal.reflect.NativeMethodAccessorImpl.invoke(NativeMethodAccessorImpl.java:78)
at java.base/jdk.internal.reflect.DelegatingMethodAccessorImpl.invoke(DelegatingMethodAccessorImpl.java:43)
at java.base/java.lang.reflect.Method.invoke(Method.java:567)
at org.testng.internal.MethodInvocationHelper.invokeMethod(MethodInvocationHelper.java:133)
at org.testng.internal.TestInvoker.invokeMethod(TestInvoker.java:598)
at org.testng.internal.TestInvoker.invokeTestMethod(TestInvoker.java:173)
at org.testng.internal.MethodRunner.runInSequence(MethodRunner.java:46)
at org.testng.internal.TestInvoker$MethodInvocationAgent.invoke(TestInvoker.java:824)
at org.testng.internal.TestInvoker.invokeTestMethods(TestInvoker.java:146)
at org.testng.internal.TestMethodWorker.invokeTestMethods(TestMethodWorker.java:146)
at org.testng.internal.TestMethodWorker.run(TestMethodWorker.java:128)
at java.base/java.util.ArrayList.forEach(ArrayList.java:1511)
at org.testng.TestRunner.privateRun(TestRunner.java:794)
at org.testng.TestRunner.run(TestRunner.java:596)
at org.testng.SuiteRunner.runTest(SuiteRunner.java:377)
at org.testng.SuiteRunner.runSequentially(SuiteRunner.java:371)
at org.testng.SuiteRunner.privateRun(SuiteRunner.java:332)
at org.testng.SuiteRunner.run(SuiteRunner.java:276)
at org.testng.SuiteRunnerWorker.runSuite(SuiteRunnerWorker.java:53)
at org.testng.SuiteRunnerWorker.run(SuiteRunnerWorker.java:96)
at org.testng.TestNG.runSuitesSequentially(TestNG.java:1212)
at org.testng.TestNG.runSuitesLocally(TestNG.java:1134)
at org.testng.TestNG.runSuites(TestNG.java:1063)
at org.testng.TestNG.run(TestNG.java:1031)
at org.testng.remote.AbstractRemoteTestNG.run(AbstractRemoteTestNG.java:115)
at org.testng.remote.RemoteTestNG.initAndRun(RemoteTestNG.java:251)
at org.testng.remote.RemoteTestNG.main(RemoteTestNG.java:77)
]]>
    </error>
  </testcase> <!-- addAdiraFormBasicDetails -->
  <system-out/>
  <testcase classname="oto.AdiraTest2" name="addDSFPaymentDetails" time="0.316">
    <error message="An element could not be located on the page using the given search parameters.
For documentation on this error, please visit: http://seleniumhq.org/exceptions/no_such_element.html
Build info: version: &#039;3.6.0&#039;, revision: &#039;6fbf3ec767&#039;, time: &#039;2017-09-27T15:28:36.4Z&#039;
System info: host: &#039;DESKTOP-LSBCFFJ&#039;, ip: &#039;192.168.29.85&#039;, os.name: &#039;Windows 10&#039;, os.arch: &#039;amd64&#039;, os.version: &#039;10.0&#039;, java.version: &#039;16.0.1&#039;
Driver info: io.appium.java_client.android.AndroidDriver
Capabilities [{app=C:\Users\Ankita\Downloads\CoreMavenFramework-20210814T072108Z-001\CoreMavenFramework\CoreMavenFramework\src\OTO Dealer Stage.apk, appPackage=com.oto.dealer.dev, deviceScreenSize=1080x2340, networkConnectionEnabled=true, statBarHeight=84.0, warnings={}, viewportRect={top=84.0, left=0.0, width=1080.0, height=2180.0}, databaseEnabled=false, deviceName=6a1652d8, platform=LINUX, deviceUDID=6a1652d8, desired={app=C:\Users\Ankita\Downloads\CoreMavenFramework-20210814T072108Z-001\CoreMavenFramework\CoreMavenFramework\src\OTO Dealer Stage.apk, platformName=Android, deviceName=Android Device}, platformVersion=11, pixelRatio=3.0, webStorageEnabled=false, locationContextEnabled=false, takesScreenshot=true, javascriptEnabled=true, deviceScreenDensity=480.0, deviceModel=RMX1992, platformName=Android, deviceApiLevel=30.0, deviceManufacturer=realme}]
Session ID: b913a9a7-0641-4c06-a220-15ae274f3352
*** Element info: {Using=xpath, value=//android.widget.FrameLayout[@index=0]//android.view.ViewGroup[@index=&#039;7&#039;]//android.widget.ScrollView[@index=&#039;0&#039;]//android.view.ViewGroup[@index=&#039;2&#039;]//android.widget.EditText[@index=&#039;2&#039;]}" type="org.openqa.selenium.NoSuchElementException">
      <![CDATA[org.openqa.selenium.NoSuchElementException: An element could not be located on the page using the given search parameters.
For documentation on this error, please visit: http://seleniumhq.org/exceptions/no_such_element.html
Build info: version: '3.6.0', revision: '6fbf3ec767', time: '2017-09-27T15:28:36.4Z'
System info: host: 'DESKTOP-LSBCFFJ', ip: '192.168.29.85', os.name: 'Windows 10', os.arch: 'amd64', os.version: '10.0', java.version: '16.0.1'
Driver info: io.appium.java_client.android.AndroidDriver
Capabilities [{app=C:\Users\Ankita\Downloads\CoreMavenFramework-20210814T072108Z-001\CoreMavenFramework\CoreMavenFramework\src\OTO Dealer Stage.apk, appPackage=com.oto.dealer.dev, deviceScreenSize=1080x2340, networkConnectionEnabled=true, statBarHeight=84.0, warnings={}, viewportRect={top=84.0, left=0.0, width=1080.0, height=2180.0}, databaseEnabled=false, deviceName=6a1652d8, platform=LINUX, deviceUDID=6a1652d8, desired={app=C:\Users\Ankita\Downloads\CoreMavenFramework-20210814T072108Z-001\CoreMavenFramework\CoreMavenFramework\src\OTO Dealer Stage.apk, platformName=Android, deviceName=Android Device}, platformVersion=11, pixelRatio=3.0, webStorageEnabled=false, locationContextEnabled=false, takesScreenshot=true, javascriptEnabled=true, deviceScreenDensity=480.0, deviceModel=RMX1992, platformName=Android, deviceApiLevel=30.0, deviceManufacturer=realme}]
Session ID: b913a9a7-0641-4c06-a220-15ae274f3352
*** Element info: {Using=xpath, value=//android.widget.FrameLayout[@index=0]//android.view.ViewGroup[@index='7']//android.widget.ScrollView[@index='0']//android.view.ViewGroup[@index='2']//android.widget.EditText[@index='2']}
at java.base/jdk.internal.reflect.NativeConstructorAccessorImpl.newInstance0(Native Method)
at java.base/jdk.internal.reflect.NativeConstructorAccessorImpl.newInstance(NativeConstructorAccessorImpl.java:78)
at java.base/jdk.internal.reflect.DelegatingConstructorAccessorImpl.newInstance(DelegatingConstructorAccessorImpl.java:45)
at java.base/java.lang.reflect.Constructor.newInstanceWithCaller(Constructor.java:499)
at java.base/java.lang.reflect.Constructor.newInstance(Constructor.java:480)
at org.openqa.selenium.remote.http.W3CHttpResponseCodec.createException(W3CHttpResponseCodec.java:150)
at org.openqa.selenium.remote.http.W3CHttpResponseCodec.decode(W3CHttpResponseCodec.java:115)
at org.openqa.selenium.remote.http.W3CHttpResponseCodec.decode(W3CHttpResponseCodec.java:45)
at org.openqa.selenium.remote.HttpCommandExecutor.execute(HttpCommandExecutor.java:164)
at io.appium.java_client.remote.AppiumCommandExecutor.execute(AppiumCommandExecutor.java:52)
at org.openqa.selenium.remote.RemoteWebDriver.execute(RemoteWebDriver.java:637)
at io.appium.java_client.DefaultGenericMobileDriver.execute(DefaultGenericMobileDriver.java:42)
at io.appium.java_client.AppiumDriver.execute(AppiumDriver.java:1)
at io.appium.java_client.android.AndroidDriver.execute(AndroidDriver.java:1)
at org.openqa.selenium.remote.RemoteWebDriver.findElement(RemoteWebDriver.java:410)
at org.openqa.selenium.remote.RemoteWebDriver.findElementByXPath(RemoteWebDriver.java:509)
at io.appium.java_client.DefaultGenericMobileDriver.findElementByXPath(DefaultGenericMobileDriver.java:132)
at io.appium.java_client.AppiumDriver.findElementByXPath(AppiumDriver.java:1)
at io.appium.java_client.android.AndroidDriver.findElementByXPath(AndroidDriver.java:1)
at oto.AdiraTest2.addDSFPaymentDetails(AdiraTest2.java:171)
at java.base/jdk.internal.reflect.NativeMethodAccessorImpl.invoke0(Native Method)
at java.base/jdk.internal.reflect.NativeMethodAccessorImpl.invoke(NativeMethodAccessorImpl.java:78)
at java.base/jdk.internal.reflect.DelegatingMethodAccessorImpl.invoke(DelegatingMethodAccessorImpl.java:43)
at java.base/java.lang.reflect.Method.invoke(Method.java:567)
at org.testng.internal.MethodInvocationHelper.invokeMethod(MethodInvocationHelper.java:133)
at org.testng.internal.TestInvoker.invokeMethod(TestInvoker.java:598)
at org.testng.internal.TestInvoker.invokeTestMethod(TestInvoker.java:173)
at org.testng.internal.MethodRunner.runInSequence(MethodRunner.java:46)
at org.testng.internal.TestInvoker$MethodInvocationAgent.invoke(TestInvoker.java:824)
at org.testng.internal.TestInvoker.invokeTestMethods(TestInvoker.java:146)
at org.testng.internal.TestMethodWorker.invokeTestMethods(TestMethodWorker.java:146)
at org.testng.internal.TestMethodWorker.run(TestMethodWorker.java:128)
at java.base/java.util.ArrayList.forEach(ArrayList.java:1511)
at org.testng.TestRunner.privateRun(TestRunner.java:794)
at org.testng.TestRunner.run(TestRunner.java:596)
at org.testng.SuiteRunner.runTest(SuiteRunner.java:377)
at org.testng.SuiteRunner.runSequentially(SuiteRunner.java:371)
at org.testng.SuiteRunner.privateRun(SuiteRunner.java:332)
at org.testng.SuiteRunner.run(SuiteRunner.java:276)
at org.testng.SuiteRunnerWorker.runSuite(SuiteRunnerWorker.java:53)
at org.testng.SuiteRunnerWorker.run(SuiteRunnerWorker.java:96)
at org.testng.TestNG.runSuitesSequentially(TestNG.java:1212)
at org.testng.TestNG.runSuitesLocally(TestNG.java:1134)
at org.testng.TestNG.runSuites(TestNG.java:1063)
at org.testng.TestNG.run(TestNG.java:1031)
at org.testng.remote.AbstractRemoteTestNG.run(AbstractRemoteTestNG.java:115)
at org.testng.remote.RemoteTestNG.initAndRun(RemoteTestNG.java:251)
at org.testng.remote.RemoteTestNG.main(RemoteTestNG.java:77)
]]>
    </error>
  </testcase> <!-- addDSFPaymentDetails -->
  <system-out/>
  <testcase classname="oto.AdiraTest2" name="addDSFCustDetails" time="0.632">
    <error message="An element could not be located on the page using the given search parameters.
For documentation on this error, please visit: http://seleniumhq.org/exceptions/no_such_element.html
Build info: version: &#039;3.6.0&#039;, revision: &#039;6fbf3ec767&#039;, time: &#039;2017-09-27T15:28:36.4Z&#039;
System info: host: &#039;DESKTOP-LSBCFFJ&#039;, ip: &#039;192.168.29.85&#039;, os.name: &#039;Windows 10&#039;, os.arch: &#039;amd64&#039;, os.version: &#039;10.0&#039;, java.version: &#039;16.0.1&#039;
Driver info: io.appium.java_client.android.AndroidDriver
Capabilities [{app=C:\Users\Ankita\Downloads\CoreMavenFramework-20210814T072108Z-001\CoreMavenFramework\CoreMavenFramework\src\OTO Dealer Stage.apk, appPackage=com.oto.dealer.dev, deviceScreenSize=1080x2340, networkConnectionEnabled=true, statBarHeight=84.0, warnings={}, viewportRect={top=84.0, left=0.0, width=1080.0, height=2180.0}, databaseEnabled=false, deviceName=6a1652d8, platform=LINUX, deviceUDID=6a1652d8, desired={app=C:\Users\Ankita\Downloads\CoreMavenFramework-20210814T072108Z-001\CoreMavenFramework\CoreMavenFramework\src\OTO Dealer Stage.apk, platformName=Android, deviceName=Android Device}, platformVersion=11, pixelRatio=3.0, webStorageEnabled=false, locationContextEnabled=false, takesScreenshot=true, javascriptEnabled=true, deviceScreenDensity=480.0, deviceModel=RMX1992, platformName=Android, deviceApiLevel=30.0, deviceManufacturer=realme}]
Session ID: b913a9a7-0641-4c06-a220-15ae274f3352
*** Element info: {Using=xpath, value=//android.widget.FrameLayout[@index=0]//android.view.ViewGroup[@index=&#039;9&#039;]//android.widget.ScrollView[@index=&#039;2&#039;]/android.view.ViewGroup[@index=&#039;0&#039;]/android.view.ViewGroup[@index=&#039;0&#039;]/android.view.ViewGroup[@index=&#039;0&#039;]/android.widget.EditText[@index=&#039;2&#039;]}" type="org.openqa.selenium.NoSuchElementException">
      <![CDATA[org.openqa.selenium.NoSuchElementException: An element could not be located on the page using the given search parameters.
For documentation on this error, please visit: http://seleniumhq.org/exceptions/no_such_element.html
Build info: version: '3.6.0', revision: '6fbf3ec767', time: '2017-09-27T15:28:36.4Z'
System info: host: 'DESKTOP-LSBCFFJ', ip: '192.168.29.85', os.name: 'Windows 10', os.arch: 'amd64', os.version: '10.0', java.version: '16.0.1'
Driver info: io.appium.java_client.android.AndroidDriver
Capabilities [{app=C:\Users\Ankita\Downloads\CoreMavenFramework-20210814T072108Z-001\CoreMavenFramework\CoreMavenFramework\src\OTO Dealer Stage.apk, appPackage=com.oto.dealer.dev, deviceScreenSize=1080x2340, networkConnectionEnabled=true, statBarHeight=84.0, warnings={}, viewportRect={top=84.0, left=0.0, width=1080.0, height=2180.0}, databaseEnabled=false, deviceName=6a1652d8, platform=LINUX, deviceUDID=6a1652d8, desired={app=C:\Users\Ankita\Downloads\CoreMavenFramework-20210814T072108Z-001\CoreMavenFramework\CoreMavenFramework\src\OTO Dealer Stage.apk, platformName=Android, deviceName=Android Device}, platformVersion=11, pixelRatio=3.0, webStorageEnabled=false, locationContextEnabled=false, takesScreenshot=true, javascriptEnabled=true, deviceScreenDensity=480.0, deviceModel=RMX1992, platformName=Android, deviceApiLevel=30.0, deviceManufacturer=realme}]
Session ID: b913a9a7-0641-4c06-a220-15ae274f3352
*** Element info: {Using=xpath, value=//android.widget.FrameLayout[@index=0]//android.view.ViewGroup[@index='9']//android.widget.ScrollView[@index='2']/android.view.ViewGroup[@index='0']/android.view.ViewGroup[@index='0']/android.view.ViewGroup[@index='0']/android.widget.EditText[@index='2']}
at java.base/jdk.internal.reflect.NativeConstructorAccessorImpl.newInstance0(Native Method)
at java.base/jdk.internal.reflect.NativeConstructorAccessorImpl.newInstance(NativeConstructorAccessorImpl.java:78)
at java.base/jdk.internal.reflect.DelegatingConstructorAccessorImpl.newInstance(DelegatingConstructorAccessorImpl.java:45)
at java.base/java.lang.reflect.Constructor.newInstanceWithCaller(Constructor.java:499)
at java.base/java.lang.reflect.Constructor.newInstance(Constructor.java:480)
at org.openqa.selenium.remote.http.W3CHttpResponseCodec.createException(W3CHttpResponseCodec.java:150)
at org.openqa.selenium.remote.http.W3CHttpResponseCodec.decode(W3CHttpResponseCodec.java:115)
at org.openqa.selenium.remote.http.W3CHttpResponseCodec.decode(W3CHttpResponseCodec.java:45)
at org.openqa.selenium.remote.HttpCommandExecutor.execute(HttpCommandExecutor.java:164)
at io.appium.java_client.remote.AppiumCommandExecutor.execute(AppiumCommandExecutor.java:52)
at org.openqa.selenium.remote.RemoteWebDriver.execute(RemoteWebDriver.java:637)
at io.appium.java_client.DefaultGenericMobileDriver.execute(DefaultGenericMobileDriver.java:42)
at io.appium.java_client.AppiumDriver.execute(AppiumDriver.java:1)
at io.appium.java_client.android.AndroidDriver.execute(AndroidDriver.java:1)
at org.openqa.selenium.remote.RemoteWebDriver.findElement(RemoteWebDriver.java:410)
at org.openqa.selenium.remote.RemoteWebDriver.findElementByXPath(RemoteWebDriver.java:509)
at io.appium.java_client.DefaultGenericMobileDriver.findElementByXPath(DefaultGenericMobileDriver.java:132)
at io.appium.java_client.AppiumDriver.findElementByXPath(AppiumDriver.java:1)
at io.appium.java_client.android.AndroidDriver.findElementByXPath(AndroidDriver.java:1)
at oto.AdiraTest2.addDSFCustDetails(AdiraTest2.java:187)
at java.base/jdk.internal.reflect.NativeMethodAccessorImpl.invoke0(Native Method)
at java.base/jdk.internal.reflect.NativeMethodAccessorImpl.invoke(NativeMethodAccessorImpl.java:78)
at java.base/jdk.internal.reflect.DelegatingMethodAccessorImpl.invoke(DelegatingMethodAccessorImpl.java:43)
at java.base/java.lang.reflect.Method.invoke(Method.java:567)
at org.testng.internal.MethodInvocationHelper.invokeMethod(MethodInvocationHelper.java:133)
at org.testng.internal.TestInvoker.invokeMethod(TestInvoker.java:598)
at org.testng.internal.TestInvoker.invokeTestMethod(TestInvoker.java:173)
at org.testng.internal.MethodRunner.runInSequence(MethodRunner.java:46)
at org.testng.internal.TestInvoker$MethodInvocationAgent.invoke(TestInvoker.java:824)
at org.testng.internal.TestInvoker.invokeTestMethods(TestInvoker.java:146)
at org.testng.internal.TestMethodWorker.invokeTestMethods(TestMethodWorker.java:146)
at org.testng.internal.TestMethodWorker.run(TestMethodWorker.java:128)
at java.base/java.util.ArrayList.forEach(ArrayList.java:1511)
at org.testng.TestRunner.privateRun(TestRunner.java:794)
at org.testng.TestRunner.run(TestRunner.java:596)
at org.testng.SuiteRunner.runTest(SuiteRunner.java:377)
at org.testng.SuiteRunner.runSequentially(SuiteRunner.java:371)
at org.testng.SuiteRunner.privateRun(SuiteRunner.java:332)
at org.testng.SuiteRunner.run(SuiteRunner.java:276)
at org.testng.SuiteRunnerWorker.runSuite(SuiteRunnerWorker.java:53)
at org.testng.SuiteRunnerWorker.run(SuiteRunnerWorker.java:96)
at org.testng.TestNG.runSuitesSequentially(TestNG.java:1212)
at org.testng.TestNG.runSuitesLocally(TestNG.java:1134)
at org.testng.TestNG.runSuites(TestNG.java:1063)
at org.testng.TestNG.run(TestNG.java:1031)
at org.testng.remote.AbstractRemoteTestNG.run(AbstractRemoteTestNG.java:115)
at org.testng.remote.RemoteTestNG.initAndRun(RemoteTestNG.java:251)
at org.testng.remote.RemoteTestNG.main(RemoteTestNG.java:77)
]]>
    </error>
  </testcase> <!-- addDSFCustDetails -->
  <system-out/>
</testsuite> <!-- oto.AdiraTest2 -->
